0 info it worked if it ends with ok
1 verbose cli [ '/usr/local/Cellar/node/0.10.24/bin/node',
1 verbose cli   '/usr/local/bin/npm',
1 verbose cli   'update',
1 verbose cli   '-g',
1 verbose cli   'yo' ]
2 info using npm@1.3.21
3 info using node@v0.10.24
4 verbose url raw yo/latest
5 verbose url resolving [ 'https://registry.npmjs.org/', './yo/latest' ]
6 verbose url resolved https://registry.npmjs.org/yo/latest
7 info trying registry request attempt 1 at 17:53:43
8 verbose etag "3EHUXGG5MV7TYUQW3N9UEG0SV"
9 http GET https://registry.npmjs.org/yo/latest
10 info retry will retry, error on last attempt: Error: getaddrinfo ENOTFOUND
11 info trying registry request attempt 2 at 17:53:53
12 verbose etag "3EHUXGG5MV7TYUQW3N9UEG0SV"
13 http GET https://registry.npmjs.org/yo/latest
14 http 200 https://registry.npmjs.org/yo/latest
15 silly registry.get cb [ 200,
15 silly registry.get   { date: 'Mon, 23 Feb 2015 17:53:55 GMT',
15 silly registry.get     server: 'CouchDB/1.5.0 (Erlang OTP/R16B03)',
15 silly registry.get     etag: '"7370Q7DAUS6F8PSXKKQB6HQ0Y"',
15 silly registry.get     'content-type': 'application/json',
15 silly registry.get     'cache-control': 'max-age=60',
15 silly registry.get     'content-length': '2148',
15 silly registry.get     'accept-ranges': 'bytes',
15 silly registry.get     via: '1.1 varnish',
15 silly registry.get     age: '0',
15 silly registry.get     'x-served-by': 'cache-lhr6335-LHR',
15 silly registry.get     'x-cache': 'MISS',
15 silly registry.get     'x-cache-hits': '0',
15 silly registry.get     'x-timer': 'S1424714034.864551,VS0,VE159',
15 silly registry.get     vary: 'Accept',
15 silly registry.get     'keep-alive': 'timeout=10, max=50',
15 silly registry.get     connection: 'Keep-Alive' } ]
16 verbose cache add [ 'yo', '*' ]
17 verbose cache add name="yo" spec="*" args=["yo","*"]
18 verbose parsed url { protocol: null,
18 verbose parsed url   slashes: null,
18 verbose parsed url   auth: null,
18 verbose parsed url   host: null,
18 verbose parsed url   port: null,
18 verbose parsed url   hostname: null,
18 verbose parsed url   hash: null,
18 verbose parsed url   search: null,
18 verbose parsed url   query: null,
18 verbose parsed url   pathname: '*',
18 verbose parsed url   path: '*',
18 verbose parsed url   href: '*' }
19 verbose addNamed [ 'yo', '*' ]
20 verbose addNamed [ null, '*' ]
21 silly lockFile ec8b77ae-yo yo@*
22 verbose lock yo@* /Users/rickburg/.npm/ec8b77ae-yo.lock
23 silly addNameRange { name: 'yo', range: '*', hasData: false }
24 verbose url raw yo
25 verbose url resolving [ 'https://registry.npmjs.org/', './yo' ]
26 verbose url resolved https://registry.npmjs.org/yo
27 info trying registry request attempt 1 at 17:53:53
28 verbose etag "3EHUXGG5MV7TYUQW3N9UEG0SV"
29 http GET https://registry.npmjs.org/yo
30 http 200 https://registry.npmjs.org/yo
31 silly registry.get cb [ 200,
31 silly registry.get   { date: 'Mon, 23 Feb 2015 17:53:55 GMT',
31 silly registry.get     server: 'CouchDB/1.5.0 (Erlang OTP/R16B03)',
31 silly registry.get     etag: '"7370Q7DAUS6F8PSXKKQB6HQ0Y"',
31 silly registry.get     'content-type': 'application/json',
31 silly registry.get     'cache-control': 'max-age=60',
31 silly registry.get     'content-length': '28445',
31 silly registry.get     'accept-ranges': 'bytes',
31 silly registry.get     via: '1.1 varnish',
31 silly registry.get     age: '24',
31 silly registry.get     'x-served-by': 'cache-lhr6329-LHR',
31 silly registry.get     'x-cache': 'HIT',
31 silly registry.get     'x-cache-hits': '1',
31 silly registry.get     'x-timer': 'S1424714035.064680,VS0,VE1',
31 silly registry.get     vary: 'Accept',
31 silly registry.get     'keep-alive': 'timeout=10, max=50',
31 silly registry.get     connection: 'Keep-Alive' } ]
32 silly addNameRange number 2 { name: 'yo', range: '*', hasData: true }
33 silly addNameRange versions [ 'yo', [ '1.1.0', '1.1.1', '1.1.2' ] ]
34 verbose addNamed [ 'yo', '1.1.2' ]
35 verbose addNamed [ '1.1.2', '1.1.2' ]
36 silly lockFile c4df5c1e-yo-1-1-2 yo@1.1.2
37 verbose lock yo@1.1.2 /Users/rickburg/.npm/c4df5c1e-yo-1-1-2.lock
38 silly lockFile c4df5c1e-yo-1-1-2 yo@1.1.2
39 silly lockFile c4df5c1e-yo-1-1-2 yo@1.1.2
40 silly lockFile ec8b77ae-yo yo@*
41 silly lockFile ec8b77ae-yo yo@*
42 info outdated updating [ [ '/usr/local/lib', 'yo', '1.1.2', '1.1.2', '1.4.5', '*' ] ]
43 verbose install where,what [ '/usr/local/lib', [ 'yo@1.1.2' ] ]
44 verbose cache add [ 'yo@1.1.2', null ]
45 verbose cache add name=undefined spec="yo@1.1.2" args=["yo@1.1.2",null]
46 verbose parsed url { protocol: null,
46 verbose parsed url   slashes: null,
46 verbose parsed url   auth: null,
46 verbose parsed url   host: null,
46 verbose parsed url   port: null,
46 verbose parsed url   hostname: null,
46 verbose parsed url   hash: null,
46 verbose parsed url   search: null,
46 verbose parsed url   query: null,
46 verbose parsed url   pathname: 'yo@1.1.2',
46 verbose parsed url   path: 'yo@1.1.2',
46 verbose parsed url   href: 'yo@1.1.2' }
47 verbose cache add name="yo" spec="1.1.2" args=["yo","1.1.2"]
48 verbose parsed url { protocol: null,
48 verbose parsed url   slashes: null,
48 verbose parsed url   auth: null,
48 verbose parsed url   host: null,
48 verbose parsed url   port: null,
48 verbose parsed url   hostname: null,
48 verbose parsed url   hash: null,
48 verbose parsed url   search: null,
48 verbose parsed url   query: null,
48 verbose parsed url   pathname: '1.1.2',
48 verbose parsed url   path: '1.1.2',
48 verbose parsed url   href: '1.1.2' }
49 verbose addNamed [ 'yo', '1.1.2' ]
50 verbose addNamed [ '1.1.2', '1.1.2' ]
51 silly lockFile c4df5c1e-yo-1-1-2 yo@1.1.2
52 verbose lock yo@1.1.2 /Users/rickburg/.npm/c4df5c1e-yo-1-1-2.lock
53 verbose url raw yo/1.1.2
54 verbose url resolving [ 'https://registry.npmjs.org/', './yo/1.1.2' ]
55 verbose url resolved https://registry.npmjs.org/yo/1.1.2
56 info trying registry request attempt 1 at 17:53:53
57 verbose etag "3EHUXGG5MV7TYUQW3N9UEG0SV"
58 http GET https://registry.npmjs.org/yo/1.1.2
59 http 200 https://registry.npmjs.org/yo/1.1.2
60 silly registry.get cb [ 200,
60 silly registry.get   { date: 'Mon, 23 Feb 2015 17:53:55 GMT',
60 silly registry.get     server: 'CouchDB/1.5.0 (Erlang OTP/R16B03)',
60 silly registry.get     etag: '"7370Q7DAUS6F8PSXKKQB6HQ0Y"',
60 silly registry.get     'content-type': 'application/json',
60 silly registry.get     'cache-control': 'max-age=60',
60 silly registry.get     'content-length': '1419',
60 silly registry.get     'accept-ranges': 'bytes',
60 silly registry.get     via: '1.1 varnish',
60 silly registry.get     age: '0',
60 silly registry.get     'x-served-by': 'cache-lhr6333-LHR',
60 silly registry.get     'x-cache': 'MISS',
60 silly registry.get     'x-cache-hits': '0',
60 silly registry.get     'x-timer': 'S1424714035.104631,VS0,VE92',
60 silly registry.get     vary: 'Accept',
60 silly registry.get     'keep-alive': 'timeout=10, max=50',
60 silly registry.get     connection: 'Keep-Alive' } ]
61 silly lockFile b65dd06a-gistry-npmjs-org-yo-yo-1-1-2-tgz https://registry.npmjs.org/yo/-/yo-1.1.2.tgz
62 verbose lock https://registry.npmjs.org/yo/-/yo-1.1.2.tgz /Users/rickburg/.npm/b65dd06a-gistry-npmjs-org-yo-yo-1-1-2-tgz.lock
63 verbose addRemoteTarball [ 'https://registry.npmjs.org/yo/-/yo-1.1.2.tgz',
63 verbose addRemoteTarball   'a0d4da72e83fa0e0dbfe1d0ba258881b240ab854' ]
64 info retry fetch attempt 1 at 17:53:53
65 verbose fetch to= /var/folders/nk/mg8_d65d6yx_hywmr2gqxct0p_jx19/T/npm-50522-vVq9QjmE/1424714033895-0.015077464748173952/tmp.tgz
66 http GET https://registry.npmjs.org/yo/-/yo-1.1.2.tgz
67 http 200 https://registry.npmjs.org/yo/-/yo-1.1.2.tgz
68 verbose tar unpack /var/folders/nk/mg8_d65d6yx_hywmr2gqxct0p_jx19/T/npm-50522-vVq9QjmE/1424714033895-0.015077464748173952/tmp.tgz
69 silly lockFile 5a30d612-895-0-015077464748173952-package tar:///var/folders/nk/mg8_d65d6yx_hywmr2gqxct0p_jx19/T/npm-50522-vVq9QjmE/1424714033895-0.015077464748173952/package
70 verbose lock tar:///var/folders/nk/mg8_d65d6yx_hywmr2gqxct0p_jx19/T/npm-50522-vVq9QjmE/1424714033895-0.015077464748173952/package /Users/rickburg/.npm/5a30d612-895-0-015077464748173952-package.lock
71 silly lockFile 3b6aaf0f-895-0-015077464748173952-tmp-tgz tar:///var/folders/nk/mg8_d65d6yx_hywmr2gqxct0p_jx19/T/npm-50522-vVq9QjmE/1424714033895-0.015077464748173952/tmp.tgz
72 verbose lock tar:///var/folders/nk/mg8_d65d6yx_hywmr2gqxct0p_jx19/T/npm-50522-vVq9QjmE/1424714033895-0.015077464748173952/tmp.tgz /Users/rickburg/.npm/3b6aaf0f-895-0-015077464748173952-tmp-tgz.lock
73 silly gunzTarPerm modes [ '755', '644' ]
74 silly gunzTarPerm extractEntry package.json
75 silly gunzTarPerm extractEntry cli.js
76 silly gunzTarPerm extractEntry yoyo.js
77 silly gunzTarPerm extractEntry readme.md
78 silly gunzTarPerm extractEntry scripts/doctor.js
79 silly gunzTarPerm extractEntry yeoman.txt
80 silly lockFile 5a30d612-895-0-015077464748173952-package tar:///var/folders/nk/mg8_d65d6yx_hywmr2gqxct0p_jx19/T/npm-50522-vVq9QjmE/1424714033895-0.015077464748173952/package
81 silly lockFile 5a30d612-895-0-015077464748173952-package tar:///var/folders/nk/mg8_d65d6yx_hywmr2gqxct0p_jx19/T/npm-50522-vVq9QjmE/1424714033895-0.015077464748173952/package
82 silly lockFile 3b6aaf0f-895-0-015077464748173952-tmp-tgz tar:///var/folders/nk/mg8_d65d6yx_hywmr2gqxct0p_jx19/T/npm-50522-vVq9QjmE/1424714033895-0.015077464748173952/tmp.tgz
83 silly lockFile 3b6aaf0f-895-0-015077464748173952-tmp-tgz tar:///var/folders/nk/mg8_d65d6yx_hywmr2gqxct0p_jx19/T/npm-50522-vVq9QjmE/1424714033895-0.015077464748173952/tmp.tgz
84 verbose tar pack [ '/Users/rickburg/.npm/yo/1.1.2/package.tgz',
84 verbose tar pack   '/var/folders/nk/mg8_d65d6yx_hywmr2gqxct0p_jx19/T/npm-50522-vVq9QjmE/1424714033895-0.015077464748173952/package' ]
85 verbose tarball /Users/rickburg/.npm/yo/1.1.2/package.tgz
86 verbose folder /var/folders/nk/mg8_d65d6yx_hywmr2gqxct0p_jx19/T/npm-50522-vVq9QjmE/1424714033895-0.015077464748173952/package
87 silly lockFile 5a30d612-895-0-015077464748173952-package tar:///var/folders/nk/mg8_d65d6yx_hywmr2gqxct0p_jx19/T/npm-50522-vVq9QjmE/1424714033895-0.015077464748173952/package
88 verbose lock tar:///var/folders/nk/mg8_d65d6yx_hywmr2gqxct0p_jx19/T/npm-50522-vVq9QjmE/1424714033895-0.015077464748173952/package /Users/rickburg/.npm/5a30d612-895-0-015077464748173952-package.lock
89 silly lockFile 1ecc0b22-ickburg-npm-yo-1-1-2-package-tgz tar:///Users/rickburg/.npm/yo/1.1.2/package.tgz
90 verbose lock tar:///Users/rickburg/.npm/yo/1.1.2/package.tgz /Users/rickburg/.npm/1ecc0b22-ickburg-npm-yo-1-1-2-package-tgz.lock
91 silly lockFile 5a30d612-895-0-015077464748173952-package tar:///var/folders/nk/mg8_d65d6yx_hywmr2gqxct0p_jx19/T/npm-50522-vVq9QjmE/1424714033895-0.015077464748173952/package
92 silly lockFile 5a30d612-895-0-015077464748173952-package tar:///var/folders/nk/mg8_d65d6yx_hywmr2gqxct0p_jx19/T/npm-50522-vVq9QjmE/1424714033895-0.015077464748173952/package
93 silly lockFile 1ecc0b22-ickburg-npm-yo-1-1-2-package-tgz tar:///Users/rickburg/.npm/yo/1.1.2/package.tgz
94 silly lockFile 1ecc0b22-ickburg-npm-yo-1-1-2-package-tgz tar:///Users/rickburg/.npm/yo/1.1.2/package.tgz
95 silly lockFile e8558b18-rs-rickburg-npm-yo-1-1-2-package /Users/rickburg/.npm/yo/1.1.2/package
96 verbose lock /Users/rickburg/.npm/yo/1.1.2/package /Users/rickburg/.npm/e8558b18-rs-rickburg-npm-yo-1-1-2-package.lock
97 silly lockFile e8558b18-rs-rickburg-npm-yo-1-1-2-package /Users/rickburg/.npm/yo/1.1.2/package
98 silly lockFile e8558b18-rs-rickburg-npm-yo-1-1-2-package /Users/rickburg/.npm/yo/1.1.2/package
99 verbose tar unpack /Users/rickburg/.npm/yo/1.1.2/package.tgz
100 silly lockFile 8094dd1d-rs-rickburg-npm-yo-1-1-2-package tar:///Users/rickburg/.npm/yo/1.1.2/package
101 verbose lock tar:///Users/rickburg/.npm/yo/1.1.2/package /Users/rickburg/.npm/8094dd1d-rs-rickburg-npm-yo-1-1-2-package.lock
102 silly lockFile 1ecc0b22-ickburg-npm-yo-1-1-2-package-tgz tar:///Users/rickburg/.npm/yo/1.1.2/package.tgz
103 verbose lock tar:///Users/rickburg/.npm/yo/1.1.2/package.tgz /Users/rickburg/.npm/1ecc0b22-ickburg-npm-yo-1-1-2-package-tgz.lock
104 silly gunzTarPerm modes [ '755', '644' ]
105 silly gunzTarPerm extractEntry package.json
106 silly gunzTarPerm extractEntry cli.js
107 silly gunzTarPerm extractEntry yoyo.js
108 silly gunzTarPerm extractEntry readme.md
109 silly gunzTarPerm extractEntry scripts/doctor.js
110 silly gunzTarPerm extractEntry yeoman.txt
111 silly lockFile 8094dd1d-rs-rickburg-npm-yo-1-1-2-package tar:///Users/rickburg/.npm/yo/1.1.2/package
112 silly lockFile 8094dd1d-rs-rickburg-npm-yo-1-1-2-package tar:///Users/rickburg/.npm/yo/1.1.2/package
113 silly lockFile 1ecc0b22-ickburg-npm-yo-1-1-2-package-tgz tar:///Users/rickburg/.npm/yo/1.1.2/package.tgz
114 silly lockFile 1ecc0b22-ickburg-npm-yo-1-1-2-package-tgz tar:///Users/rickburg/.npm/yo/1.1.2/package.tgz
115 verbose chmod /Users/rickburg/.npm/yo/1.1.2/package.tgz 644
116 verbose chown /Users/rickburg/.npm/yo/1.1.2/package.tgz [ 749270057, 2042682218 ]
117 silly lockFile b65dd06a-gistry-npmjs-org-yo-yo-1-1-2-tgz https://registry.npmjs.org/yo/-/yo-1.1.2.tgz
118 silly lockFile b65dd06a-gistry-npmjs-org-yo-yo-1-1-2-tgz https://registry.npmjs.org/yo/-/yo-1.1.2.tgz
119 silly lockFile c4df5c1e-yo-1-1-2 yo@1.1.2
120 silly lockFile c4df5c1e-yo-1-1-2 yo@1.1.2
121 silly resolved [ { name: 'yo',
121 silly resolved     version: '1.1.2',
121 silly resolved     description: 'CLI tool for scaffolding out Yeoman projects',
121 silly resolved     license: 'MIT',
121 silly resolved     bin: { yo: 'cli.js' },
121 silly resolved     repository: { type: 'git', url: 'git://github.com/yeoman/yo' },
121 silly resolved     homepage: 'http://yeoman.io',
121 silly resolved     author: { name: 'Chrome Developer Relations' },
121 silly resolved     engines: { node: '>=0.8.0', npm: '>=1.2.10' },
121 silly resolved     scripts:
121 silly resolved      { test: 'grunt',
121 silly resolved        postinstall: 'node ./scripts/doctor',
121 silly resolved        postupdate: 'node ./scripts/doctor' },
121 silly resolved     files: [ 'cli.js', 'yoyo.js', 'yeoman.txt', 'scripts/' ],
121 silly resolved     keywords:
121 silly resolved      [ 'front-end',
121 silly resolved        'development',
121 silly resolved        'dev',
121 silly resolved        'build',
121 silly resolved        'web',
121 silly resolved        'tool',
121 silly resolved        'cli',
121 silly resolved        'scaffold',
121 silly resolved        'stack' ],
121 silly resolved     dependencies:
121 silly resolved      { 'yeoman-generator': '~0.16.0',
121 silly resolved        nopt: '~2.1.1',
121 silly resolved        lodash: '~2.4.1',
121 silly resolved        'update-notifier': '~0.1.3',
121 silly resolved        insight: '~0.3.0',
121 silly resolved        'sudo-block': '~0.3.0',
121 silly resolved        async: '~0.2.9',
121 silly resolved        open: '0.0.4',
121 silly resolved        chalk: '~0.4.0',
121 silly resolved        findup: '~0.1.3',
121 silly resolved        shelljs: '~0.2.6' },
121 silly resolved     peerDependencies: { 'grunt-cli': '~0.1.7', bower: '>=0.9.0' },
121 silly resolved     devDependencies:
121 silly resolved      { grunt: '~0.4.2',
121 silly resolved        mockery: '~1.4.0',
121 silly resolved        'grunt-contrib-jshint': '~0.8.0',
121 silly resolved        'grunt-contrib-watch': '~0.5.3',
121 silly resolved        'grunt-mocha-test': '~0.8.1' },
121 silly resolved     engineStrict: true,
121 silly resolved     preferGlobal: true,
121 silly resolved     readme: '# yo [![Build Status](https://secure.travis-ci.org/yeoman/yo.png?branch=master)](http://travis-ci.org/yeoman/yo)\n\nCLI tool for scaffolding out [Yeoman](https://github.com/yeoman/yeoman) projects.\n\n![](screenshot.png)\n\n\n## [Documentation](https://github.com/yeoman/yeoman/wiki)\n\n\n## Options\n\n- `--no-color` flag to disable colors.\n\n- `--[no-]insight` to toggle anonymous [Insight](https://github.com/yeoman/insight) tracking which helps us improve Yeoman. Using either of these flags on the first run will prevent you from being prompted about it interactively. The flags can also be used to change it later on.\n\n\n## Troubleshooting\n\nRunning `yo doctor` command can help you troubleshoot common issues.\n\nIf `doctor` doesn\'t help, then check opened issues for a similar problem. Open a new issue if your problem haven\'t been reported yet. Make sure to always include the version of `yo` (`yo --version`) and Node.js (`node --version`) you use.\n\nIf your issue only occur using a generator, please report the issues on the generator\'s repository.\n\n## Contribute\n\nSee the [contributing docs](https://github.com/yeoman/yeoman/blob/master/contributing.md).\n\n\n## License\n\n[BSD license](http://opensource.org/licenses/bsd-license.php) and copyright Google.\n',
121 silly resolved     readmeFilename: 'readme.md',
121 silly resolved     bugs: { url: 'https://github.com/yeoman/yo/issues' },
121 silly resolved     _id: 'yo@1.1.2',
121 silly resolved     _from: 'yo@1.1.2',
121 silly resolved     dist: { shasum: 'a7544372fdb52045b542098bed095d0d62638e91' },
121 silly resolved     _resolved: 'https://registry.npmjs.org/yo/-/yo-1.1.2.tgz' } ]
122 info install yo@1.1.2 into /usr/local/lib
123 info installOne yo@1.1.2
124 info /usr/local/lib/node_modules/yo unbuild
125 info preuninstall yo@1.1.2
126 info uninstall yo@1.1.2
127 verbose true,/usr/local/lib/node_modules,/usr/local/lib/node_modules unbuild yo@1.1.2
128 verbose /usr/local/bin,[object Object] binRoot
129 info postuninstall yo@1.1.2
130 info /usr/local/lib/node_modules/yo unbuild
131 info preuninstall yo@1.1.2
132 info uninstall yo@1.1.2
133 verbose true,/usr/local/lib/node_modules,/usr/local/lib/node_modules unbuild yo@1.1.2
134 verbose /usr/local/bin,[object Object] binRoot
135 info postuninstall yo@1.1.2
136 error error rolling back Error: EACCES, unlink '/usr/local/lib/node_modules/yo/cli.js'
136 error error rolling back  yo@1.1.2 { [Error: EACCES, unlink '/usr/local/lib/node_modules/yo/cli.js']
136 error error rolling back   errno: 3,
136 error error rolling back   code: 'EACCES',
136 error error rolling back   path: '/usr/local/lib/node_modules/yo/cli.js' }
137 error Error: EACCES, unlink '/usr/local/lib/node_modules/yo/cli.js'
137 error  { [Error: EACCES, unlink '/usr/local/lib/node_modules/yo/cli.js']
137 error   errno: 3,
137 error   code: 'EACCES',
137 error   path: '/usr/local/lib/node_modules/yo/cli.js' }
138 error Please try running this command again as root/Administrator.
139 error System Darwin 13.3.0
140 error command "/usr/local/Cellar/node/0.10.24/bin/node" "/usr/local/bin/npm" "update" "-g" "yo"
141 error cwd /Users/rickburg/Documents/www/personal/famelab-static
142 error node -v v0.10.24
143 error npm -v 1.3.21
144 error path /usr/local/lib/node_modules/yo/cli.js
145 error code EACCES
146 error errno 3
147 error stack Error: EACCES, unlink '/usr/local/lib/node_modules/yo/cli.js'
148 verbose exit [ 3, true ]
